0 verbose cli C:\Users\SFL - MharD\.nvm\versions\node\v18.16.1\bin\node.exe C:\Users\SFL - MharD\.nvm\versions\node\v18.16.1\bin\node_modules\npm\bin\npm-cli.js
1 info using npm@9.5.1
2 info using node@v18.16.1
3 timing npm:load:whichnode Completed in 2ms
4 timing config:load:defaults Completed in 2ms
5 timing config:load:file:C:\Users\SFL - MharD\.nvm\versions\node\v18.16.1\bin\node_modules\npm\npmrc Completed in 0ms
6 timing config:load:builtin Completed in 0ms
7 timing config:load:cli Completed in 3ms
8 timing config:load:env Completed in 0ms
9 timing config:load:file:C:\Users\SFL - MharD\OneDrive\Mga Dokumento\projects\pisara\angular-boilerplate\.npmrc Completed in 1ms
10 timing config:load:project Completed in 3ms
11 timing config:load:file:C:\Users\SFL - MharD\.npmrc Completed in 0ms
12 timing config:load:user Completed in 0ms
13 timing config:load:file:C:\Users\SFL - MharD\.nvm\versions\node\v18.16.1\bin\etc\npmrc Completed in 0ms
14 timing config:load:global Completed in 0ms
15 timing config:load:setEnvs Completed in 1ms
16 timing config:load Completed in 10ms
17 timing npm:load:configload Completed in 10ms
18 timing npm:load:mkdirpcache Completed in 2ms
19 timing npm:load:mkdirplogs Completed in 1ms
20 verbose title npm
21 verbose argv "--cache" "clean"
22 timing npm:load:setTitle Completed in 1ms
23 timing config:load:flatten Completed in 3ms
24 timing npm:load:display Completed in 4ms
25 verbose logfile logs-max:10 dir:C:\Users\SFL - MharD\OneDrive\Mga Dokumento\projects\pisara\angular-boilerplate\clean\_logs\2023-10-13T09_28_28_576Z-
26 verbose logfile C:\Users\SFL - MharD\OneDrive\Mga Dokumento\projects\pisara\angular-boilerplate\clean\_logs\2023-10-13T09_28_28_576Z-debug-0.log
27 timing npm:load:logFile Completed in 6ms
28 timing npm:load:timers Completed in 0ms
29 timing npm:load:configScope Completed in 0ms
30 timing npm:load Completed in 27ms
31 verbose exit 0
32 timing npm Completed in 37ms
33 verbose code 1
